2023-04-25T21:42:02.663+02:00  INFO 16484 --- [main] c.e.m.MoneyTrackerApplication            : Starting MoneyTrackerApplication using Java 19 with PID 16484 (/Users/lukastoral/Desktop/moneyTracker/target/classes started by lukastoral in /Users/lukastoral/Desktop/moneyTracker)
2023-04-25T21:42:02.664+02:00 DEBUG 16484 --- [main] c.e.m.MoneyTrackerApplication            : Running with Spring Boot v3.0.6, Spring v6.0.8
2023-04-25T21:42:02.665+02:00  INFO 16484 --- [main] c.e.m.MoneyTrackerApplication            : No active profile set, falling back to 1 default profile: "default"
2023-04-25T21:42:02.901+02:00  INFO 16484 --- [main] .s.d.r.c.RepositoryConfigurationDelegate : Bootstrapping Spring Data JPA repositories in DEFAULT mode.
2023-04-25T21:42:02.929+02:00  INFO 16484 --- [main] .s.d.r.c.RepositoryConfigurationDelegate : Finished Spring Data repository scanning in 24 ms. Found 3 JPA repository interfaces.
2023-04-25T21:42:03.130+02:00  INFO 16484 --- [main] o.s.b.w.embedded.tomcat.TomcatWebServer  : Tomcat initialized with port(s): 8080 (http)
2023-04-25T21:42:03.135+02:00  INFO 16484 --- [main] o.apache.catalina.core.StandardService   : Starting service [Tomcat]
2023-04-25T21:42:03.135+02:00  INFO 16484 --- [main] o.apache.catalina.core.StandardEngine    : Starting Servlet engine: [Apache Tomcat/10.1.8]
2023-04-25T21:42:03.170+02:00  INFO 16484 --- [main] o.a.c.c.C.[Tomcat].[localhost].[/]       : Initializing Spring embedded WebApplicationContext
2023-04-25T21:42:03.171+02:00  INFO 16484 --- [main] w.s.c.ServletWebServerApplicationContext : Root WebApplicationContext: initialization completed in 489 ms
2023-04-25T21:42:03.243+02:00  INFO 16484 --- [main] o.hibernate.jpa.internal.util.LogHelper  : HHH000204: Processing PersistenceUnitInfo [name: default]
2023-04-25T21:42:03.267+02:00  INFO 16484 --- [main] org.hibernate.Version                    : HHH000412: Hibernate ORM core version 6.1.7.Final
2023-04-25T21:42:03.372+02:00  INFO 16484 --- [main] com.zaxxer.hikari.HikariDataSource       : HikariPool-1 - Starting...
2023-04-25T21:42:03.478+02:00  INFO 16484 --- [main] com.zaxxer.hikari.pool.HikariPool        : HikariPool-1 - Added connection com.mysql.cj.jdbc.ConnectionImpl@7f2b39a
2023-04-25T21:42:03.479+02:00  INFO 16484 --- [main] com.zaxxer.hikari.HikariDataSource       : HikariPool-1 - Start completed.
2023-04-25T21:42:03.487+02:00  INFO 16484 --- [main] SQL dialect                              : HHH000400: Using dialect: org.hibernate.dialect.MySQL8Dialect
2023-04-25T21:42:03.488+02:00  WARN 16484 --- [main] org.hibernate.orm.deprecation            : HHH90000026: MySQL8Dialect has been deprecated; use org.hibernate.dialect.MySQLDialect instead
2023-04-25T21:42:03.901+02:00  INFO 16484 --- [main] o.h.e.t.j.p.i.JtaPlatformInitiator       : HHH000490: Using JtaPlatform implementation: [org.hibernate.engine.transaction.jta.platform.internal.NoJtaPlatform]
2023-04-25T21:42:03.905+02:00  INFO 16484 --- [main] j.LocalContainerEntityManagerFactoryBean : Initialized JPA EntityManagerFactory for persistence unit 'default'
2023-04-25T21:42:04.048+02:00  WARN 16484 --- [main] JpaBaseConfiguration$JpaWebConfiguration : spring.jpa.open-in-view is enabled by default. Therefore, database queries may be performed during view rendering. Explicitly configure spring.jpa.open-in-view to disable this warning
2023-04-25T21:42:04.195+02:00  INFO 16484 --- [main] o.s.b.w.embedded.tomcat.TomcatWebServer  : Tomcat started on port(s): 8080 (http) with context path ''
2023-04-25T21:42:04.200+02:00  INFO 16484 --- [main] c.e.m.MoneyTrackerApplication            : Started MoneyTrackerApplication in 1.702 seconds (process running for 2.275)
2023-04-25T21:42:07.733+02:00  INFO 16484 --- [http-nio-8080-exec-1] o.a.c.c.C.[Tomcat].[localhost].[/]       : Initializing Spring DispatcherServlet 'dispatcherServlet'
2023-04-25T21:42:07.734+02:00  INFO 16484 --- [http-nio-8080-exec-1] o.s.web.servlet.DispatcherServlet        : Initializing Servlet 'dispatcherServlet'
2023-04-25T21:42:07.735+02:00  INFO 16484 --- [http-nio-8080-exec-1] o.s.web.servlet.DispatcherServlet        : Completed initialization in 1 ms
2023-04-25T21:42:07.791+02:00  INFO 16484 --- [http-nio-8080-exec-1] o.j.m.DefaultMonetaryContextFactory      : Using custom MathContext: precision=256, roundingMode=HALF_EVEN
2023-04-25T21:42:07.800+02:00 DEBUG 16484 --- [http-nio-8080-exec-1] c.e.moneyTracker.service.AccountService  : Updating balance for account with ID: 3
2023-04-25T21:44:28.459+02:00 DEBUG 16484 --- [http-nio-8080-exec-3] c.e.moneyTracker.service.AccountService  : Creating new account for user with ID: 1
2023-04-25T21:44:57.415+02:00 DEBUG 16484 --- [http-nio-8080-exec-7] c.e.moneyTracker.service.AccountService  : Updating balance for account with ID: 4
2023-04-25T21:46:54.124+02:00  INFO 16484 --- [SpringApplicationShutdownHook] j.LocalContainerEntityManagerFactoryBean : Closing JPA EntityManagerFactory for persistence unit 'default'
2023-04-25T21:46:54.128+02:00  INFO 16484 --- [SpringApplicationShutdownHook] com.zaxxer.hikari.HikariDataSource       : HikariPool-1 - Shutdown initiated...
2023-04-25T21:46:54.133+02:00  INFO 16484 --- [SpringApplicationShutdownHook] com.zaxxer.hikari.HikariDataSource       : HikariPool-1 - Shutdown completed.
2023-04-25T21:46:56.516+02:00  INFO 16691 --- [main] c.e.m.MoneyTrackerApplication            : Starting MoneyTrackerApplication using Java 19 with PID 16691 (/Users/lukastoral/Desktop/moneyTracker/target/classes started by lukastoral in /Users/lukastoral/Desktop/moneyTracker)
2023-04-25T21:46:56.516+02:00 DEBUG 16691 --- [main] c.e.m.MoneyTrackerApplication            : Running with Spring Boot v3.0.6, Spring v6.0.8
2023-04-25T21:46:56.517+02:00  INFO 16691 --- [main] c.e.m.MoneyTrackerApplication            : No active profile set, falling back to 1 default profile: "default"
2023-04-25T21:46:56.772+02:00  INFO 16691 --- [main] .s.d.r.c.RepositoryConfigurationDelegate : Bootstrapping Spring Data JPA repositories in DEFAULT mode.
2023-04-25T21:46:56.803+02:00  INFO 16691 --- [main] .s.d.r.c.RepositoryConfigurationDelegate : Finished Spring Data repository scanning in 27 ms. Found 3 JPA repository interfaces.
2023-04-25T21:46:57.017+02:00  INFO 16691 --- [main] o.s.b.w.embedded.tomcat.TomcatWebServer  : Tomcat initialized with port(s): 8080 (http)
2023-04-25T21:46:57.023+02:00  INFO 16691 --- [main] o.apache.catalina.core.StandardService   : Starting service [Tomcat]
2023-04-25T21:46:57.023+02:00  INFO 16691 --- [main] o.apache.catalina.core.StandardEngine    : Starting Servlet engine: [Apache Tomcat/10.1.8]
2023-04-25T21:46:57.063+02:00  INFO 16691 --- [main] o.a.c.c.C.[Tomcat].[localhost].[/]       : Initializing Spring embedded WebApplicationContext
2023-04-25T21:46:57.064+02:00  INFO 16691 --- [main] w.s.c.ServletWebServerApplicationContext : Root WebApplicationContext: initialization completed in 529 ms
2023-04-25T21:46:57.142+02:00  INFO 16691 --- [main] o.hibernate.jpa.internal.util.LogHelper  : HHH000204: Processing PersistenceUnitInfo [name: default]
2023-04-25T21:46:57.163+02:00  INFO 16691 --- [main] org.hibernate.Version                    : HHH000412: Hibernate ORM core version 6.1.7.Final
2023-04-25T21:46:57.271+02:00  INFO 16691 --- [main] com.zaxxer.hikari.HikariDataSource       : HikariPool-1 - Starting...
2023-04-25T21:46:57.382+02:00  INFO 16691 --- [main] com.zaxxer.hikari.pool.HikariPool        : HikariPool-1 - Added connection com.mysql.cj.jdbc.ConnectionImpl@6f315b08
2023-04-25T21:46:57.383+02:00  INFO 16691 --- [main] com.zaxxer.hikari.HikariDataSource       : HikariPool-1 - Start completed.
2023-04-25T21:46:57.391+02:00  INFO 16691 --- [main] SQL dialect                              : HHH000400: Using dialect: org.hibernate.dialect.MySQL8Dialect
2023-04-25T21:46:57.392+02:00  WARN 16691 --- [main] org.hibernate.orm.deprecation            : HHH90000026: MySQL8Dialect has been deprecated; use org.hibernate.dialect.MySQLDialect instead
2023-04-25T21:46:57.818+02:00  INFO 16691 --- [main] o.h.e.t.j.p.i.JtaPlatformInitiator       : HHH000490: Using JtaPlatform implementation: [org.hibernate.engine.transaction.jta.platform.internal.NoJtaPlatform]
2023-04-25T21:46:57.825+02:00  INFO 16691 --- [main] j.LocalContainerEntityManagerFactoryBean : Initialized JPA EntityManagerFactory for persistence unit 'default'
2023-04-25T21:46:57.974+02:00  WARN 16691 --- [main] JpaBaseConfiguration$JpaWebConfiguration : spring.jpa.open-in-view is enabled by default. Therefore, database queries may be performed during view rendering. Explicitly configure spring.jpa.open-in-view to disable this warning
2023-04-25T21:46:58.125+02:00  INFO 16691 --- [main] o.s.b.w.embedded.tomcat.TomcatWebServer  : Tomcat started on port(s): 8080 (http) with context path ''
2023-04-25T21:46:58.129+02:00  INFO 16691 --- [main] c.e.m.MoneyTrackerApplication            : Started MoneyTrackerApplication in 1.793 seconds (process running for 2.303)
2023-04-25T21:47:23.849+02:00  INFO 16691 --- [http-nio-8080-exec-1] o.a.c.c.C.[Tomcat].[localhost].[/]       : Initializing Spring DispatcherServlet 'dispatcherServlet'
2023-04-25T21:47:23.849+02:00  INFO 16691 --- [http-nio-8080-exec-1] o.s.web.servlet.DispatcherServlet        : Initializing Servlet 'dispatcherServlet'
2023-04-25T21:47:23.850+02:00  INFO 16691 --- [http-nio-8080-exec-1] o.s.web.servlet.DispatcherServlet        : Completed initialization in 1 ms
2023-04-25T21:47:23.960+02:00 DEBUG 16691 --- [http-nio-8080-exec-1] c.e.moneyTracker.service.AccountService  : Creating new user with ID: 2
2023-04-25T21:47:58.960+02:00  INFO 16691 --- [SpringApplicationShutdownHook] j.LocalContainerEntityManagerFactoryBean : Closing JPA EntityManagerFactory for persistence unit 'default'
2023-04-25T21:47:58.964+02:00  INFO 16691 --- [SpringApplicationShutdownHook] com.zaxxer.hikari.HikariDataSource       : HikariPool-1 - Shutdown initiated...
2023-04-25T21:47:58.968+02:00  INFO 16691 --- [SpringApplicationShutdownHook] com.zaxxer.hikari.HikariDataSource       : HikariPool-1 - Shutdown completed.
2023-04-25T21:48:01.222+02:00  INFO 16794 --- [main] c.e.m.MoneyTrackerApplication            : Starting MoneyTrackerApplication using Java 19 with PID 16794 (/Users/lukastoral/Desktop/moneyTracker/target/classes started by lukastoral in /Users/lukastoral/Desktop/moneyTracker)
2023-04-25T21:48:01.223+02:00 DEBUG 16794 --- [main] c.e.m.MoneyTrackerApplication            : Running with Spring Boot v3.0.6, Spring v6.0.8
2023-04-25T21:48:01.223+02:00  INFO 16794 --- [main] c.e.m.MoneyTrackerApplication            : No active profile set, falling back to 1 default profile: "default"
2023-04-25T21:48:01.486+02:00  INFO 16794 --- [main] .s.d.r.c.RepositoryConfigurationDelegate : Bootstrapping Spring Data JPA repositories in DEFAULT mode.
2023-04-25T21:48:01.518+02:00  INFO 16794 --- [main] .s.d.r.c.RepositoryConfigurationDelegate : Finished Spring Data repository scanning in 28 ms. Found 3 JPA repository interfaces.
2023-04-25T21:48:01.725+02:00  INFO 16794 --- [main] o.s.b.w.embedded.tomcat.TomcatWebServer  : Tomcat initialized with port(s): 8080 (http)
2023-04-25T21:48:01.731+02:00  INFO 16794 --- [main] o.apache.catalina.core.StandardService   : Starting service [Tomcat]
2023-04-25T21:48:01.731+02:00  INFO 16794 --- [main] o.apache.catalina.core.StandardEngine    : Starting Servlet engine: [Apache Tomcat/10.1.8]
2023-04-25T21:48:01.833+02:00  INFO 16794 --- [main] o.a.c.c.C.[Tomcat].[localhost].[/]       : Initializing Spring embedded WebApplicationContext
2023-04-25T21:48:01.834+02:00  INFO 16794 --- [main] w.s.c.ServletWebServerApplicationContext : Root WebApplicationContext: initialization completed in 590 ms
2023-04-25T21:48:01.956+02:00  INFO 16794 --- [main] o.hibernate.jpa.internal.util.LogHelper  : HHH000204: Processing PersistenceUnitInfo [name: default]
2023-04-25T21:48:01.978+02:00  INFO 16794 --- [main] org.hibernate.Version                    : HHH000412: Hibernate ORM core version 6.1.7.Final
2023-04-25T21:48:02.089+02:00  INFO 16794 --- [main] com.zaxxer.hikari.HikariDataSource       : HikariPool-1 - Starting...
2023-04-25T21:48:02.198+02:00  INFO 16794 --- [main] com.zaxxer.hikari.pool.HikariPool        : HikariPool-1 - Added connection com.mysql.cj.jdbc.ConnectionImpl@6f315b08
2023-04-25T21:48:02.199+02:00  INFO 16794 --- [main] com.zaxxer.hikari.HikariDataSource       : HikariPool-1 - Start completed.
2023-04-25T21:48:02.207+02:00  INFO 16794 --- [main] SQL dialect                              : HHH000400: Using dialect: org.hibernate.dialect.MySQL8Dialect
2023-04-25T21:48:02.208+02:00  WARN 16794 --- [main] org.hibernate.orm.deprecation            : HHH90000026: MySQL8Dialect has been deprecated; use org.hibernate.dialect.MySQLDialect instead
2023-04-25T21:48:02.779+02:00  INFO 16794 --- [main] o.h.e.t.j.p.i.JtaPlatformInitiator       : HHH000490: Using JtaPlatform implementation: [org.hibernate.engine.transaction.jta.platform.internal.NoJtaPlatform]
2023-04-25T21:48:02.790+02:00  INFO 16794 --- [main] j.LocalContainerEntityManagerFactoryBean : Initialized JPA EntityManagerFactory for persistence unit 'default'
2023-04-25T21:48:02.946+02:00  WARN 16794 --- [main] JpaBaseConfiguration$JpaWebConfiguration : spring.jpa.open-in-view is enabled by default. Therefore, database queries may be performed during view rendering. Explicitly configure spring.jpa.open-in-view to disable this warning
2023-04-25T21:48:03.098+02:00  INFO 16794 --- [main] o.s.b.w.embedded.tomcat.TomcatWebServer  : Tomcat started on port(s): 8080 (http) with context path ''
2023-04-25T21:48:03.103+02:00  INFO 16794 --- [main] c.e.m.MoneyTrackerApplication            : Started MoneyTrackerApplication in 2.082 seconds (process running for 2.381)
2023-04-25T21:48:49.884+02:00  INFO 16794 --- [http-nio-8080-exec-1] o.a.c.c.C.[Tomcat].[localhost].[/]       : Initializing Spring DispatcherServlet 'dispatcherServlet'
2023-04-25T21:48:49.884+02:00  INFO 16794 --- [http-nio-8080-exec-1] o.s.web.servlet.DispatcherServlet        : Initializing Servlet 'dispatcherServlet'
2023-04-25T21:48:49.885+02:00  INFO 16794 --- [http-nio-8080-exec-1] o.s.web.servlet.DispatcherServlet        : Completed initialization in 1 ms
2023-04-25T21:48:49.969+02:00 DEBUG 16794 --- [http-nio-8080-exec-1] c.e.moneyTracker.service.AccountService  : User with ID: 2 deleted
2023-04-25T22:00:22.283+02:00  INFO 16794 --- [SpringApplicationShutdownHook] j.LocalContainerEntityManagerFactoryBean : Closing JPA EntityManagerFactory for persistence unit 'default'
2023-04-25T22:00:22.286+02:00  INFO 16794 --- [SpringApplicationShutdownHook] com.zaxxer.hikari.HikariDataSource       : HikariPool-1 - Shutdown initiated...
2023-04-25T22:00:22.291+02:00  INFO 16794 --- [SpringApplicationShutdownHook] com.zaxxer.hikari.HikariDataSource       : HikariPool-1 - Shutdown completed.
2023-04-25T22:00:25.105+02:00  INFO 17905 --- [main] c.e.m.MoneyTrackerApplication            : Starting MoneyTrackerApplication using Java 19 with PID 17905 (/Users/lukastoral/Desktop/moneyTracker/target/classes started by lukastoral in /Users/lukastoral/Desktop/moneyTracker)
2023-04-25T22:00:25.106+02:00 DEBUG 17905 --- [main] c.e.m.MoneyTrackerApplication            : Running with Spring Boot v3.0.6, Spring v6.0.8
2023-04-25T22:00:25.106+02:00  INFO 17905 --- [main] c.e.m.MoneyTrackerApplication            : No active profile set, falling back to 1 default profile: "default"
2023-04-25T22:00:25.356+02:00  INFO 17905 --- [main] .s.d.r.c.RepositoryConfigurationDelegate : Bootstrapping Spring Data JPA repositories in DEFAULT mode.
2023-04-25T22:00:25.387+02:00  INFO 17905 --- [main] .s.d.r.c.RepositoryConfigurationDelegate : Finished Spring Data repository scanning in 27 ms. Found 3 JPA repository interfaces.
2023-04-25T22:00:25.597+02:00  INFO 17905 --- [main] o.s.b.w.embedded.tomcat.TomcatWebServer  : Tomcat initialized with port(s): 8080 (http)
2023-04-25T22:00:25.602+02:00  INFO 17905 --- [main] o.apache.catalina.core.StandardService   : Starting service [Tomcat]
2023-04-25T22:00:25.602+02:00  INFO 17905 --- [main] o.apache.catalina.core.StandardEngine    : Starting Servlet engine: [Apache Tomcat/10.1.8]
2023-04-25T22:00:25.638+02:00  INFO 17905 --- [main] o.a.c.c.C.[Tomcat].[localhost].[/]       : Initializing Spring embedded WebApplicationContext
2023-04-25T22:00:25.638+02:00  INFO 17905 --- [main] w.s.c.ServletWebServerApplicationContext : Root WebApplicationContext: initialization completed in 509 ms
2023-04-25T22:00:25.714+02:00  INFO 17905 --- [main] o.hibernate.jpa.internal.util.LogHelper  : HHH000204: Processing PersistenceUnitInfo [name: default]
2023-04-25T22:00:25.736+02:00  INFO 17905 --- [main] org.hibernate.Version                    : HHH000412: Hibernate ORM core version 6.1.7.Final
2023-04-25T22:00:25.845+02:00  INFO 17905 --- [main] com.zaxxer.hikari.HikariDataSource       : HikariPool-1 - Starting...
2023-04-25T22:00:25.947+02:00  INFO 17905 --- [main] com.zaxxer.hikari.pool.HikariPool        : HikariPool-1 - Added connection com.mysql.cj.jdbc.ConnectionImpl@401e02b4
2023-04-25T22:00:25.948+02:00  INFO 17905 --- [main] com.zaxxer.hikari.HikariDataSource       : HikariPool-1 - Start completed.
2023-04-25T22:00:25.956+02:00  INFO 17905 --- [main] SQL dialect                              : HHH000400: Using dialect: org.hibernate.dialect.MySQL8Dialect
2023-04-25T22:00:25.957+02:00  WARN 17905 --- [main] org.hibernate.orm.deprecation            : HHH90000026: MySQL8Dialect has been deprecated; use org.hibernate.dialect.MySQLDialect instead
2023-04-25T22:00:26.352+02:00  INFO 17905 --- [main] o.h.e.t.j.p.i.JtaPlatformInitiator       : HHH000490: Using JtaPlatform implementation: [org.hibernate.engine.transaction.jta.platform.internal.NoJtaPlatform]
2023-04-25T22:00:26.356+02:00  INFO 17905 --- [main] j.LocalContainerEntityManagerFactoryBean : Initialized JPA EntityManagerFactory for persistence unit 'default'
2023-04-25T22:00:26.512+02:00  WARN 17905 --- [main] JpaBaseConfiguration$JpaWebConfiguration : spring.jpa.open-in-view is enabled by default. Therefore, database queries may be performed during view rendering. Explicitly configure spring.jpa.open-in-view to disable this warning
2023-04-25T22:00:26.673+02:00  INFO 17905 --- [main] o.s.b.w.embedded.tomcat.TomcatWebServer  : Tomcat started on port(s): 8080 (http) with context path ''
2023-04-25T22:00:26.678+02:00  INFO 17905 --- [main] c.e.m.MoneyTrackerApplication            : Started MoneyTrackerApplication in 1.779 seconds (process running for 2.322)
2023-04-25T22:00:34.731+02:00  INFO 17905 --- [http-nio-8080-exec-1] o.a.c.c.C.[Tomcat].[localhost].[/]       : Initializing Spring DispatcherServlet 'dispatcherServlet'
2023-04-25T22:00:34.732+02:00  INFO 17905 --- [http-nio-8080-exec-1] o.s.web.servlet.DispatcherServlet        : Initializing Servlet 'dispatcherServlet'
2023-04-25T22:00:34.733+02:00  INFO 17905 --- [http-nio-8080-exec-1] o.s.web.servlet.DispatcherServlet        : Completed initialization in 1 ms
2023-04-25T22:00:34.857+02:00  INFO 17905 --- [http-nio-8080-exec-1] o.j.m.DefaultMonetaryContextFactory      : Using custom MathContext: precision=256, roundingMode=HALF_EVEN
2023-04-25T22:01:11.933+02:00  INFO 17905 --- [SpringApplicationShutdownHook] j.LocalContainerEntityManagerFactoryBean : Closing JPA EntityManagerFactory for persistence unit 'default'
2023-04-25T22:01:11.935+02:00  INFO 17905 --- [SpringApplicationShutdownHook] com.zaxxer.hikari.HikariDataSource       : HikariPool-1 - Shutdown initiated...
2023-04-25T22:01:11.939+02:00  INFO 17905 --- [SpringApplicationShutdownHook] com.zaxxer.hikari.HikariDataSource       : HikariPool-1 - Shutdown completed.
2023-04-25T22:01:14.335+02:00  INFO 18174 --- [main] c.e.m.MoneyTrackerApplication            : Starting MoneyTrackerApplication using Java 19 with PID 18174 (/Users/lukastoral/Desktop/moneyTracker/target/classes started by lukastoral in /Users/lukastoral/Desktop/moneyTracker)
2023-04-25T22:01:14.336+02:00 DEBUG 18174 --- [main] c.e.m.MoneyTrackerApplication            : Running with Spring Boot v3.0.6, Spring v6.0.8
2023-04-25T22:01:14.336+02:00  INFO 18174 --- [main] c.e.m.MoneyTrackerApplication            : No active profile set, falling back to 1 default profile: "default"
2023-04-25T22:01:14.582+02:00  INFO 18174 --- [main] .s.d.r.c.RepositoryConfigurationDelegate : Bootstrapping Spring Data JPA repositories in DEFAULT mode.
2023-04-25T22:01:14.612+02:00  INFO 18174 --- [main] .s.d.r.c.RepositoryConfigurationDelegate : Finished Spring Data repository scanning in 26 ms. Found 3 JPA repository interfaces.
2023-04-25T22:01:14.815+02:00  INFO 18174 --- [main] o.s.b.w.embedded.tomcat.TomcatWebServer  : Tomcat initialized with port(s): 8080 (http)
2023-04-25T22:01:14.820+02:00  INFO 18174 --- [main] o.apache.catalina.core.StandardService   : Starting service [Tomcat]
2023-04-25T22:01:14.820+02:00  INFO 18174 --- [main] o.apache.catalina.core.StandardEngine    : Starting Servlet engine: [Apache Tomcat/10.1.8]
2023-04-25T22:01:14.864+02:00  INFO 18174 --- [main] o.a.c.c.C.[Tomcat].[localhost].[/]       : Initializing Spring embedded WebApplicationContext
2023-04-25T22:01:14.864+02:00  INFO 18174 --- [main] w.s.c.ServletWebServerApplicationContext : Root WebApplicationContext: initialization completed in 509 ms
2023-04-25T22:01:14.937+02:00  INFO 18174 --- [main] o.hibernate.jpa.internal.util.LogHelper  : HHH000204: Processing PersistenceUnitInfo [name: default]
2023-04-25T22:01:14.961+02:00  INFO 18174 --- [main] org.hibernate.Version                    : HHH000412: Hibernate ORM core version 6.1.7.Final
2023-04-25T22:01:15.070+02:00  INFO 18174 --- [main] com.zaxxer.hikari.HikariDataSource       : HikariPool-1 - Starting...
2023-04-25T22:01:15.161+02:00  INFO 18174 --- [main] com.zaxxer.hikari.pool.HikariPool        : HikariPool-1 - Added connection com.mysql.cj.jdbc.ConnectionImpl@6f315b08
2023-04-25T22:01:15.162+02:00  INFO 18174 --- [main] com.zaxxer.hikari.HikariDataSource       : HikariPool-1 - Start completed.
2023-04-25T22:01:15.170+02:00  INFO 18174 --- [main] SQL dialect                              : HHH000400: Using dialect: org.hibernate.dialect.MySQL8Dialect
2023-04-25T22:01:15.171+02:00  WARN 18174 --- [main] org.hibernate.orm.deprecation            : HHH90000026: MySQL8Dialect has been deprecated; use org.hibernate.dialect.MySQLDialect instead
2023-04-25T22:01:15.571+02:00  INFO 18174 --- [main] o.h.e.t.j.p.i.JtaPlatformInitiator       : HHH000490: Using JtaPlatform implementation: [org.hibernate.engine.transaction.jta.platform.internal.NoJtaPlatform]
2023-04-25T22:01:15.575+02:00  INFO 18174 --- [main] j.LocalContainerEntityManagerFactoryBean : Initialized JPA EntityManagerFactory for persistence unit 'default'
2023-04-25T22:01:15.719+02:00  WARN 18174 --- [main] JpaBaseConfiguration$JpaWebConfiguration : spring.jpa.open-in-view is enabled by default. Therefore, database queries may be performed during view rendering. Explicitly configure spring.jpa.open-in-view to disable this warning
2023-04-25T22:01:15.865+02:00  INFO 18174 --- [main] o.s.b.w.embedded.tomcat.TomcatWebServer  : Tomcat started on port(s): 8080 (http) with context path ''
2023-04-25T22:01:15.869+02:00  INFO 18174 --- [main] c.e.m.MoneyTrackerApplication            : Started MoneyTrackerApplication in 1.709 seconds (process running for 2.04)
2023-04-25T22:01:21.879+02:00  INFO 18174 --- [http-nio-8080-exec-1] o.a.c.c.C.[Tomcat].[localhost].[/]       : Initializing Spring DispatcherServlet 'dispatcherServlet'
2023-04-25T22:01:21.879+02:00  INFO 18174 --- [http-nio-8080-exec-1] o.s.web.servlet.DispatcherServlet        : Initializing Servlet 'dispatcherServlet'
2023-04-25T22:01:21.880+02:00  INFO 18174 --- [http-nio-8080-exec-1] o.s.web.servlet.DispatcherServlet        : Completed initialization in 1 ms
2023-04-25T22:01:21.996+02:00  INFO 18174 --- [http-nio-8080-exec-1] o.j.m.DefaultMonetaryContextFactory      : Using custom MathContext: precision=256, roundingMode=HALF_EVEN
2023-04-25T22:05:49.310+02:00  INFO 18174 --- [SpringApplicationShutdownHook] j.LocalContainerEntityManagerFactoryBean : Closing JPA EntityManagerFactory for persistence unit 'default'
2023-04-25T22:05:49.312+02:00  INFO 18174 --- [SpringApplicationShutdownHook] com.zaxxer.hikari.HikariDataSource       : HikariPool-1 - Shutdown initiated...
2023-04-25T22:05:49.316+02:00  INFO 18174 --- [SpringApplicationShutdownHook] com.zaxxer.hikari.HikariDataSource       : HikariPool-1 - Shutdown completed.
2023-04-25T22:05:51.719+02:00  INFO 18366 --- [main] c.e.m.MoneyTrackerApplication            : Starting MoneyTrackerApplication using Java 19 with PID 18366 (/Users/lukastoral/Desktop/moneyTracker/target/classes started by lukastoral in /Users/lukastoral/Desktop/moneyTracker)
2023-04-25T22:05:51.720+02:00 DEBUG 18366 --- [main] c.e.m.MoneyTrackerApplication            : Running with Spring Boot v3.0.6, Spring v6.0.8
2023-04-25T22:05:51.721+02:00  INFO 18366 --- [main] c.e.m.MoneyTrackerApplication            : No active profile set, falling back to 1 default profile: "default"
2023-04-25T22:05:51.982+02:00  INFO 18366 --- [main] .s.d.r.c.RepositoryConfigurationDelegate : Bootstrapping Spring Data JPA repositories in DEFAULT mode.
2023-04-25T22:05:52.015+02:00  INFO 18366 --- [main] .s.d.r.c.RepositoryConfigurationDelegate : Finished Spring Data repository scanning in 26 ms. Found 3 JPA repository interfaces.
2023-04-25T22:05:52.228+02:00  INFO 18366 --- [main] o.s.b.w.embedded.tomcat.TomcatWebServer  : Tomcat initialized with port(s): 8080 (http)
2023-04-25T22:05:52.233+02:00  INFO 18366 --- [main] o.apache.catalina.core.StandardService   : Starting service [Tomcat]
2023-04-25T22:05:52.233+02:00  INFO 18366 --- [main] o.apache.catalina.core.StandardEngine    : Starting Servlet engine: [Apache Tomcat/10.1.8]
2023-04-25T22:05:52.268+02:00  INFO 18366 --- [main] o.a.c.c.C.[Tomcat].[localhost].[/]       : Initializing Spring embedded WebApplicationContext
2023-04-25T22:05:52.268+02:00  INFO 18366 --- [main] w.s.c.ServletWebServerApplicationContext : Root WebApplicationContext: initialization completed in 528 ms
2023-04-25T22:05:52.351+02:00  INFO 18366 --- [main] o.hibernate.jpa.internal.util.LogHelper  : HHH000204: Processing PersistenceUnitInfo [name: default]
2023-04-25T22:05:52.370+02:00  INFO 18366 --- [main] org.hibernate.Version                    : HHH000412: Hibernate ORM core version 6.1.7.Final
2023-04-25T22:05:52.521+02:00  INFO 18366 --- [main] com.zaxxer.hikari.HikariDataSource       : HikariPool-1 - Starting...
2023-04-25T22:05:52.622+02:00  INFO 18366 --- [main] com.zaxxer.hikari.pool.HikariPool        : HikariPool-1 - Added connection com.mysql.cj.jdbc.ConnectionImpl@18c880ea
2023-04-25T22:05:52.623+02:00  INFO 18366 --- [main] com.zaxxer.hikari.HikariDataSource       : HikariPool-1 - Start completed.
2023-04-25T22:05:52.632+02:00  INFO 18366 --- [main] SQL dialect                              : HHH000400: Using dialect: org.hibernate.dialect.MySQL8Dialect
2023-04-25T22:05:52.633+02:00  WARN 18366 --- [main] org.hibernate.orm.deprecation            : HHH90000026: MySQL8Dialect has been deprecated; use org.hibernate.dialect.MySQLDialect instead
2023-04-25T22:05:53.062+02:00  INFO 18366 --- [main] o.h.e.t.j.p.i.JtaPlatformInitiator       : HHH000490: Using JtaPlatform implementation: [org.hibernate.engine.transaction.jta.platform.internal.NoJtaPlatform]
2023-04-25T22:05:53.066+02:00  INFO 18366 --- [main] j.LocalContainerEntityManagerFactoryBean : Initialized JPA EntityManagerFactory for persistence unit 'default'
2023-04-25T22:05:53.213+02:00  WARN 18366 --- [main] JpaBaseConfiguration$JpaWebConfiguration : spring.jpa.open-in-view is enabled by default. Therefore, database queries may be performed during view rendering. Explicitly configure spring.jpa.open-in-view to disable this warning
2023-04-25T22:05:53.368+02:00  INFO 18366 --- [main] o.s.b.w.embedded.tomcat.TomcatWebServer  : Tomcat started on port(s): 8080 (http) with context path ''
2023-04-25T22:05:53.372+02:00  INFO 18366 --- [main] c.e.m.MoneyTrackerApplication            : Started MoneyTrackerApplication in 1.841 seconds (process running for 2.321)
2023-04-25T22:06:18.928+02:00  INFO 18366 --- [http-nio-8080-exec-1] o.a.c.c.C.[Tomcat].[localhost].[/]       : Initializing Spring DispatcherServlet 'dispatcherServlet'
2023-04-25T22:06:18.928+02:00  INFO 18366 --- [http-nio-8080-exec-1] o.s.web.servlet.DispatcherServlet        : Initializing Servlet 'dispatcherServlet'
2023-04-25T22:06:18.929+02:00  INFO 18366 --- [http-nio-8080-exec-1] o.s.web.servlet.DispatcherServlet        : Completed initialization in 1 ms
2023-04-25T22:06:19.059+02:00  INFO 18366 --- [http-nio-8080-exec-1] o.j.m.DefaultMonetaryContextFactory      : Using custom MathContext: precision=256, roundingMode=HALF_EVEN
2023-04-25T22:06:19.152+02:00 ERROR 18366 --- [http-nio-8080-exec-1] o.a.c.c.C.[.[.[/].[dispatcherServlet]    : Servlet.service() for servlet [dispatcherServlet] in context with path [] threw exception [Request processing failed: org.springframework.http.converter.HttpMessageConversionException: Type definition error: [simple type, class org.hibernate.proxy.pojo.bytebuddy.ByteBuddyInterceptor]] with root cause

com.fasterxml.jackson.databind.exc.InvalidDefinitionException: No serializer found for class org.hibernate.proxy.pojo.bytebuddy.ByteBuddyInterceptor and no properties discovered to create BeanSerializer (to avoid exception, disable SerializationFeature.FAIL_ON_EMPTY_BEANS) (through reference chain: java.util.ArrayList[0]->com.example.moneyTracker.model.Transaction["account"]->com.example.moneyTracker.model.Account$HibernateProxy$Nkpz9zxe["hibernateLazyInitializer"])
	at com.fasterxml.jackson.databind.exc.InvalidDefinitionException.from(InvalidDefinitionException.java:77) ~[jackson-databind-2.14.2.jar:2.14.2]
	at com.fasterxml.jackson.databind.SerializerProvider.reportBadDefinition(SerializerProvider.java:1306) ~[jackson-databind-2.14.2.jar:2.14.2]
	at com.fasterxml.jackson.databind.DatabindContext.reportBadDefinition(DatabindContext.java:408) ~[jackson-databind-2.14.2.jar:2.14.2]
	at com.fasterxml.jackson.databind.ser.impl.UnknownSerializer.failForEmpty(UnknownSerializer.java:53) ~[jackson-databind-2.14.2.jar:2.14.2]
	at com.fasterxml.jackson.databind.ser.impl.UnknownSerializer.serialize(UnknownSerializer.java:30) ~[jackson-databind-2.14.2.jar:2.14.2]
	at com.fasterxml.jackson.databind.ser.BeanPropertyWriter.serializeAsField(BeanPropertyWriter.java:733) ~[jackson-databind-2.14.2.jar:2.14.2]
	at com.fasterxml.jackson.databind.ser.std.BeanSerializerBase.serializeFields(BeanSerializerBase.java:774) ~[jackson-databind-2.14.2.jar:2.14.2]
	at com.fasterxml.jackson.databind.ser.BeanSerializer.serialize(BeanSerializer.java:178) ~[jackson-databind-2.14.2.jar:2.14.2]
	at com.fasterxml.jackson.databind.ser.BeanPropertyWriter.serializeAsField(BeanPropertyWriter.java:733) ~[jackson-databind-2.14.2.jar:2.14.2]
	at com.fasterxml.jackson.databind.ser.std.BeanSerializerBase.serializeFields(BeanSerializerBase.java:774) ~[jackson-databind-2.14.2.jar:2.14.2]
	at com.fasterxml.jackson.databind.ser.BeanSerializer.serialize(BeanSerializer.java:178) ~[jackson-databind-2.14.2.jar:2.14.2]
	at com.fasterxml.jackson.databind.ser.std.CollectionSerializer.serializeContents(CollectionSerializer.java:145) ~[jackson-databind-2.14.2.jar:2.14.2]
	at com.fasterxml.jackson.databind.ser.std.CollectionSerializer.serialize(CollectionSerializer.java:107) ~[jackson-databind-2.14.2.jar:2.14.2]
	at com.fasterxml.jackson.databind.ser.std.CollectionSerializer.serialize(CollectionSerializer.java:25) ~[jackson-databind-2.14.2.jar:2.14.2]
	at com.fasterxml.jackson.databind.ser.DefaultSerializerProvider._serialize(DefaultSerializerProvider.java:480) ~[jackson-databind-2.14.2.jar:2.14.2]
	at com.fasterxml.jackson.databind.ser.DefaultSerializerProvider.serializeValue(DefaultSerializerProvider.java:400) ~[jackson-databind-2.14.2.jar:2.14.2]
	at com.fasterxml.jackson.databind.ObjectWriter$Prefetch.serialize(ObjectWriter.java:1568) ~[jackson-databind-2.14.2.jar:2.14.2]
	at com.fasterxml.jackson.databind.ObjectWriter.writeValue(ObjectWriter.java:1061) ~[jackson-databind-2.14.2.jar:2.14.2]
	at org.springframework.http.converter.json.AbstractJackson2HttpMessageConverter.writeInternal(AbstractJackson2HttpMessageConverter.java:483) ~[spring-web-6.0.8.jar:6.0.8]
	at org.springframework.http.converter.AbstractGenericHttpMessageConverter.write(AbstractGenericHttpMessageConverter.java:103) ~[spring-web-6.0.8.jar:6.0.8]
	at org.springframework.web.servlet.mvc.method.annotation.AbstractMessageConverterMethodProcessor.writeWithMessageConverters(AbstractMessageConverterMethodProcessor.java:297) ~[spring-webmvc-6.0.8.jar:6.0.8]
	at org.springframework.web.servlet.mvc.method.annotation.HttpEntityMethodProcessor.handleReturnValue(HttpEntityMethodProcessor.java:245) ~[spring-webmvc-6.0.8.jar:6.0.8]
	at org.springframework.web.method.support.HandlerMethodReturnValueHandlerComposite.handleReturnValue(HandlerMethodReturnValueHandlerComposite.java:78) ~[spring-web-6.0.8.jar:6.0.8]
	at org.springframework.web.servlet.mvc.method.annotation.ServletInvocableHandlerMethod.invokeAndHandle(ServletInvocableHandlerMethod.java:136) ~[spring-webmvc-6.0.8.jar:6.0.8]
	at org.springframework.web.servlet.mvc.method.annotation.RequestMappingHandlerAdapter.invokeHandlerMethod(RequestMappingHandlerAdapter.java:884) ~[spring-webmvc-6.0.8.jar:6.0.8]
	at org.springframework.web.servlet.mvc.method.annotation.RequestMappingHandlerAdapter.handleInternal(RequestMappingHandlerAdapter.java:797) ~[spring-webmvc-6.0.8.jar:6.0.8]
	at org.springframework.web.servlet.mvc.method.AbstractHandlerMethodAdapter.handle(AbstractHandlerMethodAdapter.java:87) ~[spring-webmvc-6.0.8.jar:6.0.8]
	at org.springframework.web.servlet.DispatcherServlet.doDispatch(DispatcherServlet.java:1081) ~[spring-webmvc-6.0.8.jar:6.0.8]
	at org.springframework.web.servlet.DispatcherServlet.doService(DispatcherServlet.java:974) ~[spring-webmvc-6.0.8.jar:6.0.8]
	at org.springframework.web.servlet.FrameworkServlet.processRequest(FrameworkServlet.java:1011) ~[spring-webmvc-6.0.8.jar:6.0.8]
	at org.springframework.web.servlet.FrameworkServlet.doGet(FrameworkServlet.java:903) ~[spring-webmvc-6.0.8.jar:6.0.8]
	at jakarta.servlet.http.HttpServlet.service(HttpServlet.java:564) ~[tomcat-embed-core-10.1.8.jar:6.0]
	at org.springframework.web.servlet.FrameworkServlet.service(FrameworkServlet.java:885) ~[spring-webmvc-6.0.8.jar:6.0.8]
	at jakarta.servlet.http.HttpServlet.service(HttpServlet.java:658) ~[tomcat-embed-core-10.1.8.jar:6.0]
	at org.apache.catalina.core.ApplicationFilterChain.internalDoFilter(ApplicationFilterChain.java:205) ~[tomcat-embed-core-10.1.8.jar:10.1.8]
	at org.apache.catalina.core.ApplicationFilterChain.doFilter(ApplicationFilterChain.java:149) ~[tomcat-embed-core-10.1.8.jar:10.1.8]
	at org.apache.tomcat.websocket.server.WsFilter.doFilter(WsFilter.java:51) ~[tomcat-embed-websocket-10.1.8.jar:10.1.8]
	at org.apache.catalina.core.ApplicationFilterChain.internalDoFilter(ApplicationFilterChain.java:174) ~[tomcat-embed-core-10.1.8.jar:10.1.8]
	at org.apache.catalina.core.ApplicationFilterChain.doFilter(ApplicationFilterChain.java:149) ~[tomcat-embed-core-10.1.8.jar:10.1.8]
	at org.springframework.web.filter.RequestContextFilter.doFilterInternal(RequestContextFilter.java:100) ~[spring-web-6.0.8.jar:6.0.8]
	at org.springframework.web.filter.OncePerRequestFilter.doFilter(OncePerRequestFilter.java:116) ~[spring-web-6.0.8.jar:6.0.8]
	at org.apache.catalina.core.ApplicationFilterChain.internalDoFilter(ApplicationFilterChain.java:174) ~[tomcat-embed-core-10.1.8.jar:10.1.8]
	at org.apache.catalina.core.ApplicationFilterChain.doFilter(ApplicationFilterChain.java:149) ~[tomcat-embed-core-10.1.8.jar:10.1.8]
	at org.springframework.web.filter.FormContentFilter.doFilterInternal(FormContentFilter.java:93) ~[spring-web-6.0.8.jar:6.0.8]
	at org.springframework.web.filter.OncePerRequestFilter.doFilter(OncePerRequestFilter.java:116) ~[spring-web-6.0.8.jar:6.0.8]
	at org.apache.catalina.core.ApplicationFilterChain.internalDoFilter(ApplicationFilterChain.java:174) ~[tomcat-embed-core-10.1.8.jar:10.1.8]
	at org.apache.catalina.core.ApplicationFilterChain.doFilter(ApplicationFilterChain.java:149) ~[tomcat-embed-core-10.1.8.jar:10.1.8]
	at org.springframework.web.filter.CharacterEncodingFilter.doFilterInternal(CharacterEncodingFilter.java:201) ~[spring-web-6.0.8.jar:6.0.8]
	at org.springframework.web.filter.OncePerRequestFilter.doFilter(OncePerRequestFilter.java:116) ~[spring-web-6.0.8.jar:6.0.8]
	at org.apache.catalina.core.ApplicationFilterChain.internalDoFilter(ApplicationFilterChain.java:174) ~[tomcat-embed-core-10.1.8.jar:10.1.8]
	at org.apache.catalina.core.ApplicationFilterChain.doFilter(ApplicationFilterChain.java:149) ~[tomcat-embed-core-10.1.8.jar:10.1.8]
	at org.apache.catalina.core.StandardWrapperValve.invoke(StandardWrapperValve.java:166) ~[tomcat-embed-core-10.1.8.jar:10.1.8]
	at org.apache.catalina.core.StandardContextValve.invoke(StandardContextValve.java:90) ~[tomcat-embed-core-10.1.8.jar:10.1.8]
	at org.apache.catalina.authenticator.AuthenticatorBase.invoke(AuthenticatorBase.java:482) ~[tomcat-embed-core-10.1.8.jar:10.1.8]
	at org.apache.catalina.core.StandardHostValve.invoke(StandardHostValve.java:115) ~[tomcat-embed-core-10.1.8.jar:10.1.8]
	at org.apache.catalina.valves.ErrorReportValve.invoke(ErrorReportValve.java:93) ~[tomcat-embed-core-10.1.8.jar:10.1.8]
	at org.apache.catalina.core.StandardEngineValve.invoke(StandardEngineValve.java:74) ~[tomcat-embed-core-10.1.8.jar:10.1.8]
	at org.apache.catalina.connector.CoyoteAdapter.service(CoyoteAdapter.java:341) ~[tomcat-embed-core-10.1.8.jar:10.1.8]
	at org.apache.coyote.http11.Http11Processor.service(Http11Processor.java:390) ~[tomcat-embed-core-10.1.8.jar:10.1.8]
	at org.apache.coyote.AbstractProcessorLight.process(AbstractProcessorLight.java:63) ~[tomcat-embed-core-10.1.8.jar:10.1.8]
	at org.apache.coyote.AbstractProtocol$ConnectionHandler.process(AbstractProtocol.java:894) ~[tomcat-embed-core-10.1.8.jar:10.1.8]
	at org.apache.tomcat.util.net.NioEndpoint$SocketProcessor.doRun(NioEndpoint.java:1741) ~[tomcat-embed-core-10.1.8.jar:10.1.8]
	at org.apache.tomcat.util.net.SocketProcessorBase.run(SocketProcessorBase.java:52) ~[tomcat-embed-core-10.1.8.jar:10.1.8]
	at org.apache.tomcat.util.threads.ThreadPoolExecutor.runWorker(ThreadPoolExecutor.java:1191) ~[tomcat-embed-core-10.1.8.jar:10.1.8]
	at org.apache.tomcat.util.threads.ThreadPoolExecutor$Worker.run(ThreadPoolExecutor.java:659) ~[tomcat-embed-core-10.1.8.jar:10.1.8]
	at org.apache.tomcat.util.threads.TaskThread$WrappingRunnable.run(TaskThread.java:61) ~[tomcat-embed-core-10.1.8.jar:10.1.8]
	at java.base/java.lang.Thread.run(Thread.java:1589) ~[na:na]

2023-04-25T22:07:15.621+02:00  INFO 18366 --- [SpringApplicationShutdownHook] j.LocalContainerEntityManagerFactoryBean : Closing JPA EntityManagerFactory for persistence unit 'default'
2023-04-25T22:07:15.624+02:00  INFO 18366 --- [SpringApplicationShutdownHook] com.zaxxer.hikari.HikariDataSource       : HikariPool-1 - Shutdown initiated...
2023-04-25T22:07:15.628+02:00  INFO 18366 --- [SpringApplicationShutdownHook] com.zaxxer.hikari.HikariDataSource       : HikariPool-1 - Shutdown completed.
2023-04-25T22:07:17.765+02:00  INFO 18473 --- [main] c.e.m.MoneyTrackerApplication            : Starting MoneyTrackerApplication using Java 19 with PID 18473 (/Users/lukastoral/Desktop/moneyTracker/target/classes started by lukastoral in /Users/lukastoral/Desktop/moneyTracker)
2023-04-25T22:07:17.766+02:00 DEBUG 18473 --- [main] c.e.m.MoneyTrackerApplication            : Running with Spring Boot v3.0.6, Spring v6.0.8
2023-04-25T22:07:17.767+02:00  INFO 18473 --- [main] c.e.m.MoneyTrackerApplication            : No active profile set, falling back to 1 default profile: "default"
2023-04-25T22:07:18.015+02:00  INFO 18473 --- [main] .s.d.r.c.RepositoryConfigurationDelegate : Bootstrapping Spring Data JPA repositories in DEFAULT mode.
2023-04-25T22:07:18.047+02:00  INFO 18473 --- [main] .s.d.r.c.RepositoryConfigurationDelegate : Finished Spring Data repository scanning in 28 ms. Found 3 JPA repository interfaces.
2023-04-25T22:07:18.257+02:00  INFO 18473 --- [main] o.s.b.w.embedded.tomcat.TomcatWebServer  : Tomcat initialized with port(s): 8080 (http)
2023-04-25T22:07:18.261+02:00  INFO 18473 --- [main] o.apache.catalina.core.StandardService   : Starting service [Tomcat]
2023-04-25T22:07:18.261+02:00  INFO 18473 --- [main] o.apache.catalina.core.StandardEngine    : Starting Servlet engine: [Apache Tomcat/10.1.8]
2023-04-25T22:07:18.300+02:00  INFO 18473 --- [main] o.a.c.c.C.[Tomcat].[localhost].[/]       : Initializing Spring embedded WebApplicationContext
2023-04-25T22:07:18.300+02:00  INFO 18473 --- [main] w.s.c.ServletWebServerApplicationContext : Root WebApplicationContext: initialization completed in 514 ms
2023-04-25T22:07:18.374+02:00  INFO 18473 --- [main] o.hibernate.jpa.internal.util.LogHelper  : HHH000204: Processing PersistenceUnitInfo [name: default]
2023-04-25T22:07:18.394+02:00  INFO 18473 --- [main] org.hibernate.Version                    : HHH000412: Hibernate ORM core version 6.1.7.Final
2023-04-25T22:07:18.498+02:00  INFO 18473 --- [main] com.zaxxer.hikari.HikariDataSource       : HikariPool-1 - Starting...
2023-04-25T22:07:18.614+02:00  INFO 18473 --- [main] com.zaxxer.hikari.pool.HikariPool        : HikariPool-1 - Added connection com.mysql.cj.jdbc.ConnectionImpl@4662752a
2023-04-25T22:07:18.615+02:00  INFO 18473 --- [main] com.zaxxer.hikari.HikariDataSource       : HikariPool-1 - Start completed.
2023-04-25T22:07:18.623+02:00  INFO 18473 --- [main] SQL dialect                              : HHH000400: Using dialect: org.hibernate.dialect.MySQL8Dialect
2023-04-25T22:07:18.624+02:00  WARN 18473 --- [main] org.hibernate.orm.deprecation            : HHH90000026: MySQL8Dialect has been deprecated; use org.hibernate.dialect.MySQLDialect instead
2023-04-25T22:07:19.061+02:00  INFO 18473 --- [main] o.h.e.t.j.p.i.JtaPlatformInitiator       : HHH000490: Using JtaPlatform implementation: [org.hibernate.engine.transaction.jta.platform.internal.NoJtaPlatform]
2023-04-25T22:07:19.066+02:00  INFO 18473 --- [main] j.LocalContainerEntityManagerFactoryBean : Initialized JPA EntityManagerFactory for persistence unit 'default'
2023-04-25T22:07:19.210+02:00  WARN 18473 --- [main] JpaBaseConfiguration$JpaWebConfiguration : spring.jpa.open-in-view is enabled by default. Therefore, database queries may be performed during view rendering. Explicitly configure spring.jpa.open-in-view to disable this warning
2023-04-25T22:07:19.362+02:00  INFO 18473 --- [main] o.s.b.w.embedded.tomcat.TomcatWebServer  : Tomcat started on port(s): 8080 (http) with context path ''
2023-04-25T22:07:19.367+02:00  INFO 18473 --- [main] c.e.m.MoneyTrackerApplication            : Started MoneyTrackerApplication in 1.767 seconds (process running for 2.039)
2023-04-25T22:07:28.403+02:00  INFO 18473 --- [http-nio-8080-exec-1] o.a.c.c.C.[Tomcat].[localhost].[/]       : Initializing Spring DispatcherServlet 'dispatcherServlet'
2023-04-25T22:07:28.403+02:00  INFO 18473 --- [http-nio-8080-exec-1] o.s.web.servlet.DispatcherServlet        : Initializing Servlet 'dispatcherServlet'
2023-04-25T22:07:28.404+02:00  INFO 18473 --- [http-nio-8080-exec-1] o.s.web.servlet.DispatcherServlet        : Completed initialization in 1 ms
2023-04-25T22:07:28.524+02:00  INFO 18473 --- [http-nio-8080-exec-1] o.j.m.DefaultMonetaryContextFactory      : Using custom MathContext: precision=256, roundingMode=HALF_EVEN
2023-04-25T22:08:51.503+02:00 DEBUG 18473 --- [http-nio-8080-exec-3] c.e.moneyTracker.service.AccountService  : Updating balance for account with ID: 3
2023-04-25T22:10:10.945+02:00 DEBUG 18473 --- [http-nio-8080-exec-7] c.e.moneyTracker.service.AccountService  : Updating balance for account with ID: 3
